<?xml version="1.0" encoding="UTF-8"?>
<!-- Generated by org.testng.reporters.JUnitReportReporter -->
<testsuite hostname="Rakshit" failures="0" tests="1" name="Testscripts.Login_script" time="9.747" errors="0" timestamp="2023-06-15T18:24:58 IST" skipped="0">
  <testcase classname="Testscripts.Login_script" name="test1" time="9.747"/>
  <system-out/>
</testsuite> <!-- Testscripts.Login_script -->
