<?xml version="1.0" encoding="UTF-8"?>
<!-- Generated by org.testng.reporters.JUnitReportReporter -->
<testsuite hostname="Rakshit" failures="0" tests="1" name="Testscripts.Testscripts" time="59.486" errors="0" timestamp="2023-06-16T00:29:05 IST" skipped="0">
  <testcase classname="Testscripts.Testscripts" name="Script" time="59.486"/>
  <system-out/>
</testsuite> <!-- Testscripts.Testscripts -->
