<?xml version="1.0" encoding="UTF-8"?>
<!-- Generated by org.testng.reporters.JUnitReportReporter -->
<testsuite hostname="Rakshit" failures="0" tests="1" name="Testscripts.Testscripts" time="68.850" errors="0" timestamp="2023-06-15T21:59:22 IST" skipped="0">
  <testcase classname="Testscripts.Testscripts" name="Script" time="68.850"/>
  <system-out/>
</testsuite> <!-- Testscripts.Testscripts -->
